26 25 27 28 29 30 31 32 33 34 35 37 625 624 623 622 621 620 619 618 617 616 615 614 24
36 72 71 73 74 75 76 77 78 79 80 82 577 576 575 574 573 572 571 570 569 568 567 70 590
38 81 114 113 115 116 117 118 119 120 121 123 533 532 531 530 529 528 527 526 525 524 112 545 588
39 83 122 152 151 153 154 155 156 157 158 160 493 492 491 490 489 488 487 486 485 150 504 543 587
40 84 124 159 186 185 187 188 189 190 191 193 457 456 455 454 453 452 451 450 184 467 502 542 586
41 85 125 161 192 216 215 217 218 219 220 222 425 424 423 422 421 420 419 214 434 465 501 541 585
42 86 126 162 194 221 242 241 243 244 245 247 397 396 395 394 393 392 240 405 432 464 500 540 584
43 87 127 163 195 223 246 264 263 265 266 268 373 372 371 370 369 262 380 403 431 463 499 539 583
44 88 128 164 196 224 248 267 282 281 283 285 353 352 351 350 280 359 378 402 430 462 498 538 582
45 89 129 165 197 225 249 269 284 296 295 298 337 336 335 294 342 357 377 401 429 461 497 537 581
46 90 130 166 198 226 250 270 286 297 306 307 325 323 304 329 340 356 376 400 428 460 496 536 580
47 91 131 167 199 227 251 271 287 299 305 312 317 310 321 327 339 355 375 399 427 459 495 535 579
48 92 132 168 200 228 252 272 288 300 308 311 313 315 318 326 338 354 374 398 426 458 494 534 578
613 566 523 484 449 418 391 368 349 334 324 316 309 314 302 292 277 258 235 208 177 142 103 60 13
612 565 522 483 448 417 390 367 348 333 322 319 301 303 320 293 278 259 236 209 178 143 104 61 14
611 564 521 482 447 416 389 366 347 332 331 328 289 290 291 330 279 260 237 210 179 144 105 62 15
610 563 520 481 446 415 388 365 346 345 343 341 273 274 275 276 344 261 238 211 180 145 106 63 16
609 562 519 480 445 414 387 364 363 361 360 358 253 254 255 256 257 362 239 212 181 146 107 64 17
608 561 518 479 444 413 386 385 383 382 381 379 229 230 231 232 233 234 384 213 182 147 108 65 18
607 560 517 478 443 412 411 409 408 407 406 404 201 202 203 204 205 206 207 410 183 148 109 66 19
606 559 516 477 442 441 439 438 437 436 435 433 169 170 171 172 173 174 175 176 440 149 110 67 20
605 558 515 476 475 473 472 471 470 469 468 466 133 134 135 136 137 138 139 140 141 474 111 68 21
604 557 514 513 511 510 509 508 507 506 505 503 93 94 95 96 97 98 99 100 101 102 512 69 22
603 556 555 553 552 551 550 549 548 547 546 544 49 50 51 52 53 54 55 56 57 58 59 554 23
602 601 599 598 597 596 595 594 593 592 591 589 1 2 3 4 5 6 7 8 9 10 11 12 600
