40 39 41 42 43 44 45 46 47 48 49 50 51 52 53 54 55 56 58 1521 1520 1519 1518 1517 1516 1515 1514 1513 1512 1511 1510 1509 1508 1507 1506 1505 1504 1503 38
57 114 113 115 116 117 118 119 120 121 122 123 124 125 126 127 128 129 131 1445 1444 1443 1442 1441 1440 1439 1438 1437 1436 1435 1434 1433 1432 1431 1430 1429 1428 112 1465
59 130 184 183 185 186 187 188 189 190 191 192 193 194 195 196 197 198 200 1373 1372 1371 1370 1369 1368 1367 1366 1365 1364 1363 1362 1361 1360 1359 1358 1357 182 1392 1463
60 132 199 250 249 251 252 253 254 255 256 257 258 259 260 261 262 263 265 1305 1304 1303 1302 1301 1300 1299 1298 1297 1296 1295 1294 1293 1292 1291 1290 248 1323 1390 1462
61 133 201 264 312 311 313 314 315 316 317 318 319 320 321 322 323 324 326 1241 1240 1239 1238 1237 1236 1235 1234 1233 1232 1231 1230 1229 1228 1227 310 1258 1321 1389 1461
62 134 202 266 325 370 369 371 372 373 374 375 376 377 378 379 380 381 383 1181 1180 1179 1178 1177 1176 1175 1174 1173 1172 1171 1170 1169 1168 368 1197 1256 1320 1388 1460
63 135 203 267 327 382 424 423 425 426 427 428 429 430 431 432 433 434 436 1125 1124 1123 1122 1121 1120 1119 1118 1117 1116 1115 1114 1113 422 1140 1195 1255 1319 1387 1459
64 136 204 268 328 384 435 474 473 475 476 477 478 479 480 481 482 483 485 1073 1072 1071 1070 1069 1068 1067 1066 1065 1064 1063 1062 472 1087 1138 1194 1254 1318 1386 1458
65 137 205 269 329 385 437 484 520 519 521 522 523 524 525 526 527 528 530 1025 1024 1023 1022 1021 1020 1019 1018 1017 1016 1015 518 1038 1085 1137 1193 1253 1317 1385 1457
66 138 206 270 330 386 438 486 529 562 561 563 564 565 566 567 568 569 571 981 980 979 978 977 976 975 974 973 972 560 993 1036 1084 1136 1192 1252 1316 1384 1456
67 139 207 271 331 387 439 487 531 570 600 599 601 602 603 604 605 606 608 941 940 939 938 937 936 935 934 933 598 952 991 1035 1083 1135 1191 1251 1315 1383 1455
68 140 208 272 332 388 440 488 532 572 607 634 633 635 636 637 638 639 641 905 904 903 902 901 900 899 898 632 915 950 990 1034 1082 1134 1190 1250 1314 1382 1454
69 141 209 273 333 389 441 489 533 573 609 640 664 663 665 666 667 668 670 873 872 871 870 869 868 867 662 882 913 949 989 1033 1081 1133 1189 1249 1313 1381 1453
70 142 210 274 334 390 442 490 534 574 610 642 669 690 689 691 692 693 695 845 844 843 842 841 840 688 853 880 912 948 988 1032 1080 1132 1188 1248 1312 1380 1452
71 143 211 275 335 391 443 491 535 575 611 643 671 694 712 711 713 714 716 821 820 819 818 817 710 828 851 879 911 947 987 1031 1079 1131 1187 1247 1311 1379 1451
72 144 212 276 336 392 444 492 536 576 612 644 672 696 715 730 729 731 733 801 800 799 798 728 807 826 850 878 910 946 986 1030 1078 1130 1186 1246 1310 1378 1450
73 145 213 277 337 393 445 493 537 577 613 645 673 697 717 732 744 743 746 785 784 783 742 790 805 825 849 877 909 945 985 1029 1077 1129 1185 1245 1309 1377 1449
74 146 214 278 338 394 446 494 538 578 614 646 674 698 718 734 745 754 755 773 771 752 777 788 804 824 848 876 908 944 984 1028 1076 1128 1184 1244 1308 1376 1448
75 147 215 279 339 395 447 495 539 579 615 647 675 699 719 735 747 753 760 765 758 769 775 787 803 823 847 875 907 943 983 1027 1075 1127 1183 1243 1307 1375 1447
76 148 216 280 340 396 448 496 540 580 616 648 676 700 720 736 748 756 759 761 763 766 774 786 802 822 846 874 906 942 982 1026 1074 1126 1182 1242 1306 1374 1446
1502 1427 1356 1289 1226 1167 1112 1061 1014 971 932 897 866 839 816 797 782 772 764 757 762 750 740 725 706 683 656 625 590 551 508 461 410 355 296 233 166 95 20
1501 1426 1355 1288 1225 1166 1111 1060 1013 970 931 896 865 838 815 796 781 770 767 749 751 768 741 726 707 684 657 626 591 552 509 462 411 356 297 234 167 96 21
1500 1425 1354 1287 1224 1165 1110 1059 1012 969 930 895 864 837 814 795 780 779 776 737 738 739 778 727 708 685 658 627 592 553 510 463 412 357 298 235 168 97 22
1499 1424 1353 1286 1223 1164 1109 1058 1011 968 929 894 863 836 813 794 793 791 789 721 722 723 724 792 709 686 659 628 593 554 511 464 413 358 299 236 169 98 23
1498 1423 1352 1285 1222 1163 1108 1057 1010 967 928 893 862 835 812 811 809 808 806 701 702 703 704 705 810 687 660 629 594 555 512 465 414 359 300 237 170 99 24
1497 1422 1351 1284 1221 1162 1107 1056 1009 966 927 892 861 834 833 831 830 829 827 677 678 679 680 681 682 832 661 630 595 556 513 466 415 360 301 238 171 100 25
1496 1421 1350 1283 1220 1161 1106 1055 1008 965 926 891 860 859 857 856 855 854 852 649 650 651 652 653 654 655 858 631 596 557 514 467 416 361 302 239 172 101 26
1495 1420 1349 1282 1219 1160 1105 1054 1007 964 925 890 889 887 886 885 884 883 881 617 618 619 620 621 622 623 624 888 597 558 515 468 417 362 303 240 173 102 27
1494 1419 1348 1281 1218 1159 1104 1053 1006 963 924 923 921 920 919 918 917 916 914 581 582 583 584 585 586 587 588 589 922 559 516 469 418 363 304 241 174 103 28
1493 1418 1347 1280 1217 1158 1103 1052 1005 962 961 959 958 957 956 955 954 953 951 541 542 543 544 545 546 547 548 549 550 960 517 470 419 364 305 242 175 104 29
1492 1417 1346 1279 1216 1157 1102 1051 1004 1003 1001 1000 999 998 997 996 995 994 992 497 498 499 500 501 502 503 504 505 506 507 1002 471 420 365 306 243 176 105 30
1491 1416 1345 1278 1215 1156 1101 1050 1049 1047 1046 1045 1044 1043 1042 1041 1040 1039 1037 449 450 451 452 453 454 455 456 457 458 459 460 1048 421 366 307 244 177 106 31
1490 1415 1344 1277 1214 1155 1100 1099 1097 1096 1095 1094 1093 1092 1091 1090 1089 1088 1086 397 398 399 400 401 402 403 404 405 406 407 408 409 1098 367 308 245 178 107 32
1489 1414 1343 1276 1213 1154 1153 1151 1150 1149 1148 1147 1146 1145 1144 1143 1142 1141 1139 341 342 343 344 345 346 347 348 349 350 351 352 353 354 1152 309 246 179 108 33
1488 1413 1342 1275 1212 1211 1209 1208 1207 1206 1205 1204 1203 1202 1201 1200 1199 1198 1196 281 282 283 284 285 286 287 288 289 290 291 292 293 294 295 1210 247 180 109 34
1487 1412 1341 1274 1273 1271 1270 1269 1268 1267 1266 1265 1264 1263 1262 1261 1260 1259 1257 217 218 219 220 221 222 223 224 225 226 227 228 229 230 231 232 1272 181 110 35
1486 1411 1340 1339 1337 1336 1335 1334 1333 1332 1331 1330 1329 1328 1327 1326 1325 1324 1322 149 150 151 152 153 154 155 156 157 158 159 160 161 162 163 164 165 1338 111 36
1485 1410 1409 1407 1406 1405 1404 1403 1402 1401 1400 1399 1398 1397 1396 1395 1394 1393 1391 77 78 79 80 81 82 83 84 85 86 87 88 89 90 91 92 93 94 1408 37
1484 1483 1481 1480 1479 1478 1477 1476 1475 1474 1473 1472 1471 1470 1469 1468 1467 1466 1464 1 2 3 4 5 6 7 8 9 10 11 12 13 14 15 16 17 18 19 1482
