54 53 55 56 57 58 59 60 61 62 63 64 65 66 67 68 69 70 71 72 73 74 75 76 77 79 2809 2808 2807 2806 2805 2804 2803 2802 2801 2800 2799 2798 2797 2796 2795 2794 2793 2792 2791 2790 2789 2788 2787 2786 2785 2784 52
78 156 155 157 158 159 160 161 162 163 164 165 166 167 168 169 170 171 172 173 174 175 176 177 178 180 2705 2704 2703 2702 2701 2700 2699 2698 2697 2696 2695 2694 2693 2692 2691 2690 2689 2688 2687 2686 2685 2684 2683 2682 2681 154 2732
80 179 254 253 255 256 257 258 259 260 261 262 263 264 265 266 267 268 269 270 271 272 273 274 275 277 2605 2604 2603 2602 2601 2600 2599 2598 2597 2596 2595 2594 2593 2592 2591 2590 2589 2588 2587 2586 2585 2584 2583 2582 252 2631 2730
81 181 276 348 347 349 350 351 352 353 354 355 356 357 358 359 360 361 362 363 364 365 366 367 368 370 2509 2508 2507 2506 2505 2504 2503 2502 2501 2500 2499 2498 2497 2496 2495 2494 2493 2492 2491 2490 2489 2488 2487 346 2534 2629 2729
82 182 278 369 438 437 439 440 441 442 443 444 445 446 447 448 449 450 451 452 453 454 455 456 457 459 2417 2416 2415 2414 2413 2412 2411 2410 2409 2408 2407 2406 2405 2404 2403 2402 2401 2400 2399 2398 2397 2396 436 2441 2532 2628 2728
83 183 279 371 458 524 523 525 526 527 528 529 530 531 532 533 534 535 536 537 538 539 540 541 542 544 2329 2328 2327 2326 2325 2324 2323 2322 2321 2320 2319 2318 2317 2316 2315 2314 2313 2312 2311 2310 2309 522 2352 2439 2531 2627 2727
84 184 280 372 460 543 606 605 607 608 609 610 611 612 613 614 615 616 617 618 619 620 621 622 623 625 2245 2244 2243 2242 2241 2240 2239 2238 2237 2236 2235 2234 2233 2232 2231 2230 2229 2228 2227 2226 604 2267 2350 2438 2530 2626 2726
85 185 281 373 461 545 624 684 683 685 686 687 688 689 690 691 692 693 694 695 696 697 698 699 700 702 2165 2164 2163 2162 2161 2160 2159 2158 2157 2156 2155 2154 2153 2152 2151 2150 2149 2148 2147 682 2186 2265 2349 2437 2529 2625 2725
86 186 282 374 462 546 626 701 758 757 759 760 761 762 763 764 765 766 767 768 769 770 771 772 773 775 2089 2088 2087 2086 2085 2084 2083 2082 2081 2080 2079 2078 2077 2076 2075 2074 2073 2072 756 2109 2184 2264 2348 2436 2528 2624 2724
87 187 283 375 463 547 627 703 774 828 827 829 830 831 832 833 834 835 836 837 838 839 840 841 842 844 2017 2016 2015 2014 2013 2012 2011 2010 2009 2008 2007 2006 2005 2004 2003 2002 2001 826 2036 2107 2183 2263 2347 2435 2527 2623 2723
88 188 284 376 464 548 628 704 776 843 894 893 895 896 897 898 899 900 901 902 903 904 905 906 907 909 1949 1948 1947 1946 1945 1944 1943 1942 1941 1940 1939 1938 1937 1936 1935 1934 892 1967 2034 2106 2182 2262 2346 2434 2526 2622 2722
89 189 285 377 465 549 629 705 777 845 908 956 955 957 958 959 960 961 962 963 964 965 966 967 968 970 1885 1884 1883 1882 1881 1880 1879 1878 1877 1876 1875 1874 1873 1872 1871 954 1902 1965 2033 2105 2181 2261 2345 2433 2525 2621 2721
90 190 286 378 466 550 630 706 778 846 910 969 1014 1013 1015 1016 1017 1018 1019 1020 1021 1022 1023 1024 1025 1027 1825 1824 1823 1822 1821 1820 1819 1818 1817 1816 1815 1814 1813 1812 1012 1841 1900 1964 2032 2104 2180 2260 2344 2432 2524 2620 2720
91 191 287 379 467 551 631 707 779 847 911 971 1026 1068 1067 1069 1070 1071 1072 1073 1074 1075 1076 1077 1078 1080 1769 1768 1767 1766 1765 1764 1763 1762 1761 1760 1759 1758 1757 1066 1784 1839 1899 1963 2031 2103 2179 2259 2343 2431 2523 2619 2719
92 192 288 380 468 552 632 708 780 848 912 972 1028 1079 1118 1117 1119 1120 1121 1122 1123 1124 1125 1126 1127 1129 1717 1716 1715 1714 1713 1712 1711 1710 1709 1708 1707 1706 1116 1731 1782 1838 1898 1962 2030 2102 2178 2258 2342 2430 2522 2618 2718
93 193 289 381 469 553 633 709 781 849 913 973 1029 1081 1128 1164 1163 1165 1166 1167 1168 1169 1170 1171 1172 1174 1669 1668 1667 1666 1665 1664 1663 1662 1661 1660 1659 1162 1682 1729 1781 1837 1897 1961 2029 2101 2177 2257 2341 2429 2521 2617 2717
94 194 290 382 470 554 634 710 782 850 914 974 1030 1082 1130 1173 1206 1205 1207 1208 1209 1210 1211 1212 1213 1215 1625 1624 1623 1622 1621 1620 1619 1618 1617 1616 1204 1637 1680 1728 1780 1836 1896 1960 2028 2100 2176 2256 2340 2428 2520 2616 2716
95 195 291 383 471 555 635 711 783 851 915 975 1031 1083 1131 1175 1214 1244 1243 1245 1246 1247 1248 1249 1250 1252 1585 1584 1583 1582 1581 1580 1579 1578 1577 1242 1596 1635 1679 1727 1779 1835 1895 1959 2027 2099 2175 2255 2339 2427 2519 2615 2715
96 196 292 384 472 556 636 712 784 852 916 976 1032 1084 1132 1176 1216 1251 1278 1277 1279 1280 1281 1282 1283 1285 1549 1548 1547 1546 1545 1544 1543 1542 1276 1559 1594 1634 1678 1726 1778 1834 1894 1958 2026 2098 2174 2254 2338 2426 2518 2614 2714
97 197 293 385 473 557 637 713 785 853 917 977 1033 1085 1133 1177 1217 1253 1284 1308 1307 1309 1310 1311 1312 1314 1517 1516 1515 1514 1513 1512 1511 1306 1526 1557 1593 1633 1677 1725 1777 1833 1893 1957 2025 2097 2173 2253 2337 2425 2517 2613 2713
98 198 294 386 474 558 638 714 786 854 918 978 1034 1086 1134 1178 1218 1254 1286 1313 1334 1333 1335 1336 1337 1339 1489 1488 1487 1486 1485 1484 1332 1497 1524 1556 1592 1632 1676 1724 1776 1832 1892 1956 2024 2096 2172 2252 2336 2424 2516 2612 2712
99 199 295 387 475 559 639 715 787 855 919 979 1035 1087 1135 1179 1219 1255 1287 1315 1338 1356 1355 1357 1358 1360 1465 1464 1463 1462 1461 1354 1472 1495 1523 1555 1591 1631 1675 1723 1775 1831 1891 1955 2023 2095 2171 2251 2335 2423 2515 2611 2711
100 200 296 388 476 560 640 716 788 856 920 980 1036 1088 1136 1180 1220 1256 1288 1316 1340 1359 1374 1373 1375 1377 1445 1444 1443 1442 1372 1451 1470 1494 1522 1554 1590 1630 1674 1722 1774 1830 1890 1954 2022 2094 2170 2250 2334 2422 2514 2610 2710
101 201 297 389 477 561 641 717 789 857 921 981 1037 1089 1137 1181 1221 1257 1289 1317 1341 1361 1376 1388 1387 1390 1429 1428 1427 1386 1434 1449 1469 1493 1521 1553 1589 1629 1673 1721 1773 1829 1889 1953 2021 2093 2169 2249 2333 2421 2513 2609 2709
102 202 298 390 478 562 642 718 790 858 922 982 1038 1090 1138 1182 1222 1258 1290 1318 1342 1362 1378 1389 1398 1399 1417 1415 1396 1421 1432 1448 1468 1492 1520 1552 1588 1628 1672 1720 1772 1828 1888 1952 2020 2092 2168 2248 2332 2420 2512 2608 2708
103 203 299 391 479 563 643 719 791 859 923 983 1039 1091 1139 1183 1223 1259 1291 1319 1343 1363 1379 1391 1397 1404 1409 1402 1413 1419 1431 1447 1467 1491 1519 1551 1587 1627 1671 1719 1771 1827 1887 1951 2019 2091 2167 2247 2331 2419 2511 2607 2707
104 204 300 392 480 564 644 720 792 860 924 984 1040 1092 1140 1184 1224 1260 1292 1320 1344 1364 1380 1392 1400 1403 1405 1407 1410 1418 1430 1446 1466 1490 1518 1550 1586 1626 1670 1718 1770 1826 1886 1950 2018 2090 2166 2246 2330 2418 2510 2606 2706
2783 2680 2581 2486 2395 2308 2225 2146 2071 2000 1933 1870 1811 1756 1705 1658 1615 1576 1541 1510 1483 1460 1441 1426 1416 1408 1401 1406 1394 1384 1369 1350 1327 1300 1269 1234 1195 1152 1105 1054 999 940 877 810 739 664 585 502 415 324 229 130 27
2782 2679 2580 2485 2394 2307 2224 2145 2070 1999 1932 1869 1810 1755 1704 1657 1614 1575 1540 1509 1482 1459 1440 1425 1414 1411 1393 1395 1412 1385 1370 1351 1328 1301 1270 1235 1196 1153 1106 1055 1000 941 878 811 740 665 586 503 416 325 230 131 28
2781 2678 2579 2484 2393 2306 2223 2144 2069 1998 1931 1868 1809 1754 1703 1656 1613 1574 1539 1508 1481 1458 1439 1424 1423 1420 1381 1382 1383 1422 1371 1352 1329 1302 1271 1236 1197 1154 1107 1056 1001 942 879 812 741 666 587 504 417 326 231 132 29
2780 2677 2578 2483 2392 2305 2222 2143 2068 1997 1930 1867 1808 1753 1702 1655 1612 1573 1538 1507 1480 1457 1438 1437 1435 1433 1365 1366 1367 1368 1436 1353 1330 1303 1272 1237 1198 1155 1108 1057 1002 943 880 813 742 667 588 505 418 327 232 133 30
2779 2676 2577 2482 2391 2304 2221 2142 2067 1996 1929 1866 1807 1752 1701 1654 1611 1572 1537 1506 1479 1456 1455 1453 1452 1450 1345 1346 1347 1348 1349 1454 1331 1304 1273 1238 1199 1156 1109 1058 1003 944 881 814 743 668 589 506 419 328 233 134 31
2778 2675 2576 2481 2390 2303 2220 2141 2066 1995 1928 1865 1806 1751 1700 1653 1610 1571 1536 1505 1478 1477 1475 1474 1473 1471 1321 1322 1323 1324 1325 1326 1476 1305 1274 1239 1200 1157 1110 1059 1004 945 882 815 744 669 590 507 420 329 234 135 32
2777 2674 2575 2480 2389 2302 2219 2140 2065 1994 1927 1864 1805 1750 1699 1652 1609 1570 1535 1504 1503 1501 1500 1499 1498 1496 1293 1294 1295 1296 1297 1298 1299 1502 1275 1240 1201 1158 1111 1060 1005 946 883 816 745 670 591 508 421 330 235 136 33
2776 2673 2574 2479 2388 2301 2218 2139 2064 1993 1926 1863 1804 1749 1698 1651 1608 1569 1534 1533 1531 1530 1529 1528 1527 1525 1261 1262 1263 1264 1265 1266 1267 1268 1532 1241 1202 1159 1112 1061 1006 947 884 817 746 671 592 509 422 331 236 137 34
2775 2672 2573 2478 2387 2300 2217 2138 2063 1992 1925 1862 1803 1748 1697 1650 1607 1568 1567 1565 1564 1563 1562 1561 1560 1558 1225 1226 1227 1228 1229 1230 1231 1232 1233 1566 1203 1160 1113 1062 1007 948 885 818 747 672 593 510 423 332 237 138 35
2774 2671 2572 2477 2386 2299 2216 2137 2062 1991 1924 1861 1802 1747 1696 1649 1606 1605 1603 1602 1601 1600 1599 1598 1597 1595 1185 1186 1187 1188 1189 1190 1191 1192 1193 1194 1604 1161 1114 1063 1008 949 886 819 748 673 594 511 424 333 238 139 36
2773 2670 2571 2476 2385 2298 2215 2136 2061 1990 1923 1860 1801 1746 1695 1648 1647 1645 1644 1643 1642 1641 1640 1639 1638 1636 1141 1142 1143 1144 1145 1146 1147 1148 1149 1150 1151 1646 1115 1064 1009 950 887 820 749 674 595 512 425 334 239 140 37
2772 2669 2570 2475 2384 2297 2214 2135 2060 1989 1922 1859 1800 1745 1694 1693 1691 1690 1689 1688 1687 1686 1685 1684 1683 1681 1093 1094 1095 1096 1097 1098 1099 1100 1101 1102 1103 1104 1692 1065 1010 951 888 821 750 675 596 513 426 335 240 141 38
2771 2668 2569 2474 2383 2296 2213 2134 2059 1988 1921 1858 1799 1744 1743 1741 1740 1739 1738 1737 1736 1735 1734 1733 1732 1730 1041 1042 1043 1044 1045 1046 1047 1048 1049 1050 1051 1052 1053 1742 1011 952 889 822 751 676 597 514 427 336 241 142 39
2770 2667 2568 2473 2382 2295 2212 2133 2058 1987 1920 1857 1798 1797 1795 1794 1793 1792 1791 1790 1789 1788 1787 1786 1785 1783 985 986 987 988 989 990 991 992 993 994 995 996 997 998 1796 953 890 823 752 677 598 515 428 337 242 143 40
2769 2666 2567 2472 2381 2294 2211 2132 2057 1986 1919 1856 1855 1853 1852 1851 1850 1849 1848 1847 1846 1845 1844 1843 1842 1840 925 926 927 928 929 930 931 932 933 934 935 936 937 938 939 1854 891 824 753 678 599 516 429 338 243 144 41
2768 2665 2566 2471 2380 2293 2210 2131 2056 1985 1918 1917 1915 1914 1913 1912 1911 1910 1909 1908 1907 1906 1905 1904 1903 1901 861 862 863 864 865 866 867 868 869 870 871 872 873 874 875 876 1916 825 754 679 600 517 430 339 244 145 42
2767 2664 2565 2470 2379 2292 2209 2130 2055 1984 1983 1981 1980 1979 1978 1977 1976 1975 1974 1973 1972 1971 1970 1969 1968 1966 793 794 795 796 797 798 799 800 801 802 803 804 805 806 807 808 809 1982 755 680 601 518 431 340 245 146 43
2766 2663 2564 2469 2378 2291 2208 2129 2054 2053 2051 2050 2049 2048 2047 2046 2045 2044 2043 2042 2041 2040 2039 2038 2037 2035 721 722 723 724 725 726 727 728 729 730 731 732 733 734 735 736 737 738 2052 681 602 519 432 341 246 147 44
2765 2662 2563 2468 2377 2290 2207 2128 2127 2125 2124 2123 2122 2121 2120 2119 2118 2117 2116 2115 2114 2113 2112 2111 2110 2108 645 646 647 648 649 650 651 652 653 654 655 656 657 658 659 660 661 662 663 2126 603 520 433 342 247 148 45
2764 2661 2562 2467 2376 2289 2206 2205 2203 2202 2201 2200 2199 2198 2197 2196 2195 2194 2193 2192 2191 2190 2189 2188 2187 2185 565 566 567 568 569 570 571 572 573 574 575 576 577 578 579 580 581 582 583 584 2204 521 434 343 248 149 46
2763 2660 2561 2466 2375 2288 2287 2285 2284 2283 2282 2281 2280 2279 2278 2277 2276 2275 2274 2273 2272 2271 2270 2269 2268 2266 481 482 483 484 485 486 487 488 489 490 491 492 493 494 495 496 497 498 499 500 501 2286 435 344 249 150 47
2762 2659 2560 2465 2374 2373 2371 2370 2369 2368 2367 2366 2365 2364 2363 2362 2361 2360 2359 2358 2357 2356 2355 2354 2353 2351 393 394 395 396 397 398 399 400 401 402 403 404 405 406 407 408 409 410 411 412 413 414 2372 345 250 151 48
2761 2658 2559 2464 2463 2461 2460 2459 2458 2457 2456 2455 2454 2453 2452 2451 2450 2449 2448 2447 2446 2445 2444 2443 2442 2440 301 302 303 304 305 306 307 308 309 310 311 312 313 314 315 316 317 318 319 320 321 322 323 2462 251 152 49
2760 2657 2558 2557 2555 2554 2553 2552 2551 2550 2549 2548 2547 2546 2545 2544 2543 2542 2541 2540 2539 2538 2537 2536 2535 2533 205 206 207 208 209 210 211 212 213 214 215 216 217 218 219 220 221 222 223 224 225 226 227 228 2556 153 50
2759 2656 2655 2653 2652 2651 2650 2649 2648 2647 2646 2645 2644 2643 2642 2641 2640 2639 2638 2637 2636 2635 2634 2633 2632 2630 105 106 107 108 109 110 111 112 113 114 115 116 117 118 119 120 121 122 123 124 125 126 127 128 129 2654 51
2758 2757 2755 2754 2753 2752 2751 2750 2749 2748 2747 2746 2745 2744 2743 2742 2741 2740 2739 2738 2737 2736 2735 2734 2733 2731 1 2 3 4 5 6 7 8 9 10 11 12 13 14 15 16 17 18 19 20 21 22 23 24 25 26 2756
