62 61 63 64 65 66 67 68 69 70 71 72 73 74 75 76 77 78 79 80 81 82 83 84 85 86 87 88 89 91 3721 3720 3719 3718 3717 3716 3715 3714 3713 3712 3711 3710 3709 3708 3707 3706 3705 3704 3703 3702 3701 3700 3699 3698 3697 3696 3695 3694 3693 3692 60
90 180 179 181 182 183 184 185 186 187 188 189 190 191 192 193 194 195 196 197 198 199 200 201 202 203 204 205 206 208 3601 3600 3599 3598 3597 3596 3595 3594 3593 3592 3591 3590 3589 3588 3587 3586 3585 3584 3583 3582 3581 3580 3579 3578 3577 3576 3575 3574 3573 178 3632
92 207 294 293 295 296 297 298 299 300 301 302 303 304 305 306 307 308 309 310 311 312 313 314 315 316 317 318 319 321 3485 3484 3483 3482 3481 3480 3479 3478 3477 3476 3475 3474 3473 3472 3471 3470 3469 3468 3467 3466 3465 3464 3463 3462 3461 3460 3459 3458 292 3515 3630
93 209 320 404 403 405 406 407 408 409 410 411 412 413 414 415 416 417 418 419 420 421 422 423 424 425 426 427 428 430 3373 3372 3371 3370 3369 3368 3367 3366 3365 3364 3363 3362 3361 3360 3359 3358 3357 3356 3355 3354 3353 3352 3351 3350 3349 3348 3347 402 3402 3513 3629
94 210 322 429 510 509 511 512 513 514 515 516 517 518 519 520 521 522 523 524 525 526 527 528 529 530 531 532 533 535 3265 3264 3263 3262 3261 3260 3259 3258 3257 3256 3255 3254 3253 3252 3251 3250 3249 3248 3247 3246 3245 3244 3243 3242 3241 3240 508 3293 3400 3512 3628
95 211 323 431 534 612 611 613 614 615 616 617 618 619 620 621 622 623 624 625 626 627 628 629 630 631 632 633 634 636 3161 3160 3159 3158 3157 3156 3155 3154 3153 3152 3151 3150 3149 3148 3147 3146 3145 3144 3143 3142 3141 3140 3139 3138 3137 610 3188 3291 3399 3511 3627
96 212 324 432 536 635 710 709 711 712 713 714 715 716 717 718 719 720 721 722 723 724 725 726 727 728 729 730 731 733 3061 3060 3059 3058 3057 3056 3055 3054 3053 3052 3051 3050 3049 3048 3047 3046 3045 3044 3043 3042 3041 3040 3039 3038 708 3087 3186 3290 3398 3510 3626
97 213 325 433 537 637 732 804 803 805 806 807 808 809 810 811 812 813 814 815 816 817 818 819 820 821 822 823 824 826 2965 2964 2963 2962 2961 2960 2959 2958 2957 2956 2955 2954 2953 2952 2951 2950 2949 2948 2947 2946 2945 2944 2943 802 2990 3085 3185 3289 3397 3509 3625
98 214 326 434 538 638 734 825 894 893 895 896 897 898 899 900 901 902 903 904 905 906 907 908 909 910 911 912 913 915 2873 2872 2871 2870 2869 2868 2867 2866 2865 2864 2863 2862 2861 2860 2859 2858 2857 2856 2855 2854 2853 2852 892 2897 2988 3084 3184 3288 3396 3508 3624
99 215 327 435 539 639 735 827 914 980 979 981 982 983 984 985 986 987 988 989 990 991 992 993 994 995 996 997 998 1000 2785 2784 2783 2782 2781 2780 2779 2778 2777 2776 2775 2774 2773 2772 2771 2770 2769 2768 2767 2766 2765 978 2808 2895 2987 3083 3183 3287 3395 3507 3623
100 216 328 436 540 640 736 828 916 999 1062 1061 1063 1064 1065 1066 1067 1068 1069 1070 1071 1072 1073 1074 1075 1076 1077 1078 1079 1081 2701 2700 2699 2698 2697 2696 2695 2694 2693 2692 2691 2690 2689 2688 2687 2686 2685 2684 2683 2682 1060 2723 2806 2894 2986 3082 3182 3286 3394 3506 3622
101 217 329 437 541 641 737 829 917 1001 1080 1140 1139 1141 1142 1143 1144 1145 1146 1147 1148 1149 1150 1151 1152 1153 1154 1155 1156 1158 2621 2620 2619 2618 2617 2616 2615 2614 2613 2612 2611 2610 2609 2608 2607 2606 2605 2604 2603 1138 2642 2721 2805 2893 2985 3081 3181 3285 3393 3505 3621
102 218 330 438 542 642 738 830 918 1002 1082 1157 1214 1213 1215 1216 1217 1218 1219 1220 1221 1222 1223 1224 1225 1226 1227 1228 1229 1231 2545 2544 2543 2542 2541 2540 2539 2538 2537 2536 2535 2534 2533 2532 2531 2530 2529 2528 1212 2565 2640 2720 2804 2892 2984 3080 3180 3284 3392 3504 3620
103 219 331 439 543 643 739 831 919 1003 1083 1159 1230 1284 1283 1285 1286 1287 1288 1289 1290 1291 1292 1293 1294 1295 1296 1297 1298 1300 2473 2472 2471 2470 2469 2468 2467 2466 2465 2464 2463 2462 2461 2460 2459 2458 2457 1282 2492 2563 2639 2719 2803 2891 2983 3079 3179 3283 3391 3503 3619
104 220 332 440 544 644 740 832 920 1004 1084 1160 1232 1299 1350 1349 1351 1352 1353 1354 1355 1356 1357 1358 1359 1360 1361 1362 1363 1365 2405 2404 2403 2402 2401 2400 2399 2398 2397 2396 2395 2394 2393 2392 2391 2390 1348 2423 2490 2562 2638 2718 2802 2890 2982 3078 3178 3282 3390 3502 3618
105 221 333 441 545 645 741 833 921 1005 1085 1161 1233 1301 1364 1412 1411 1413 1414 1415 1416 1417 1418 1419 1420 1421 1422 1423 1424 1426 2341 2340 2339 2338 2337 2336 2335 2334 2333 2332 2331 2330 2329 2328 2327 1410 2358 2421 2489 2561 2637 2717 2801 2889 2981 3077 3177 3281 3389 3501 3617
106 222 334 442 546 646 742 834 922 1006 1086 1162 1234 1302 1366 1425 1470 1469 1471 1472 1473 1474 1475 1476 1477 1478 1479 1480 1481 1483 2281 2280 2279 2278 2277 2276 2275 2274 2273 2272 2271 2270 2269 2268 1468 2297 2356 2420 2488 2560 2636 2716 2800 2888 2980 3076 3176 3280 3388 3500 3616
107 223 335 443 547 647 743 835 923 1007 1087 1163 1235 1303 1367 1427 1482 1524 1523 1525 1526 1527 1528 1529 1530 1531 1532 1533 1534 1536 2225 2224 2223 2222 2221 2220 2219 2218 2217 2216 2215 2214 2213 1522 2240 2295 2355 2419 2487 2559 2635 2715 2799 2887 2979 3075 3175 3279 3387 3499 3615
108 224 336 444 548 648 744 836 924 1008 1088 1164 1236 1304 1368 1428 1484 1535 1574 1573 1575 1576 1577 1578 1579 1580 1581 1582 1583 1585 2173 2172 2171 2170 2169 2168 2167 2166 2165 2164 2163 2162 1572 2187 2238 2294 2354 2418 2486 2558 2634 2714 2798 2886 2978 3074 3174 3278 3386 3498 3614
109 225 337 445 549 649 745 837 925 1009 1089 1165 1237 1305 1369 1429 1485 1537 1584 1620 1619 1621 1622 1623 1624 1625 1626 1627 1628 1630 2125 2124 2123 2122 2121 2120 2119 2118 2117 2116 2115 1618 2138 2185 2237 2293 2353 2417 2485 2557 2633 2713 2797 2885 2977 3073 3173 3277 3385 3497 3613
110 226 338 446 550 650 746 838 926 1010 1090 1166 1238 1306 1370 1430 1486 1538 1586 1629 1662 1661 1663 1664 1665 1666 1667 1668 1669 1671 2081 2080 2079 2078 2077 2076 2075 2074 2073 2072 1660 2093 2136 2184 2236 2292 2352 2416 2484 2556 2632 2712 2796 2884 2976 3072 3172 3276 3384 3496 3612
111 227 339 447 551 651 747 839 927 1011 1091 1167 1239 1307 1371 1431 1487 1539 1587 1631 1670 1700 1699 1701 1702 1703 1704 1705 1706 1708 2041 2040 2039 2038 2037 2036 2035 2034 2033 1698 2052 2091 2135 2183 2235 2291 2351 2415 2483 2555 2631 2711 2795 2883 2975 3071 3171 3275 3383 3495 3611
112 228 340 448 552 652 748 840 928 1012 1092 1168 1240 1308 1372 1432 1488 1540 1588 1632 1672 1707 1734 1733 1735 1736 1737 1738 1739 1741 2005 2004 2003 2002 2001 2000 1999 1998 1732 2015 2050 2090 2134 2182 2234 2290 2350 2414 2482 2554 2630 2710 2794 2882 2974 3070 3170 3274 3382 3494 3610
113 229 341 449 553 653 749 841 929 1013 1093 1169 1241 1309 1373 1433 1489 1541 1589 1633 1673 1709 1740 1764 1763 1765 1766 1767 1768 1770 1973 1972 1971 1970 1969 1968 1967 1762 1982 2013 2049 2089 2133 2181 2233 2289 2349 2413 2481 2553 2629 2709 2793 2881 2973 3069 3169 3273 3381 3493 3609
114 230 342 450 554 654 750 842 930 1014 1094 1170 1242 1310 1374 1434 1490 1542 1590 1634 1674 1710 1742 1769 1790 1789 1791 1792 1793 1795 1945 1944 1943 1942 1941 1940 1788 1953 1980 2012 2048 2088 2132 2180 2232 2288 2348 2412 2480 2552 2628 2708 2792 2880 2972 3068 3168 3272 3380 3492 3608
115 231 343 451 555 655 751 843 931 1015 1095 1171 1243 1311 1375 1435 1491 1543 1591 1635 1675 1711 1743 1771 1794 1812 1811 1813 1814 1816 1921 1920 1919 1918 1917 1810 1928 1951 1979 2011 2047 2087 2131 2179 2231 2287 2347 2411 2479 2551 2627 2707 2791 2879 2971 3067 3167 3271 3379 3491 3607
116 232 344 452 556 656 752 844 932 1016 1096 1172 1244 1312 1376 1436 1492 1544 1592 1636 1676 1712 1744 1772 1796 1815 1830 1829 1831 1833 1901 1900 1899 1898 1828 1907 1926 1950 1978 2010 2046 2086 2130 2178 2230 2286 2346 2410 2478 2550 2626 2706 2790 2878 2970 3066 3166 3270 3378 3490 3606
117 233 345 453 557 657 753 845 933 1017 1097 1173 1245 1313 1377 1437 1493 1545 1593 1637 1677 1713 1745 1773 1797 1817 1832 1844 1843 1846 1885 1884 1883 1842 1890 1905 1925 1949 1977 2009 2045 2085 2129 2177 2229 2285 2345 2409 2477 2549 2625 2705 2789 2877 2969 3065 3165 3269 3377 3489 3605
118 234 346 454 558 658 754 846 934 1018 1098 1174 1246 1314 1378 1438 1494 1546 1594 1638 1678 1714 1746 1774 1798 1818 1834 1845 1854 1855 1873 1871 1852 1877 1888 1904 1924 1948 1976 2008 2044 2084 2128 2176 2228 2284 2344 2408 2476 2548 2624 2704 2788 2876 2968 3064 3164 3268 3376 3488 3604
119 235 347 455 559 659 755 847 935 1019 1099 1175 1247 1315 1379 1439 1495 1547 1595 1639 1679 1715 1747 1775 1799 1819 1835 1847 1853 1860 1865 1858 1869 1875 1887 1903 1923 1947 1975 2007 2043 2083 2127 2175 2227 2283 2343 2407 2475 2547 2623 2703 2787 2875 2967 3063 3163 3267 3375 3487 3603
120 236 348 456 560 660 756 848 936 1020 1100 1176 1248 1316 1380 1440 1496 1548 1596 1640 1680 1716 1748 1776 1800 1820 1836 1848 1856 1859 1861 1863 1866 1874 1886 1902 1922 1946 1974 2006 2042 2082 2126 2174 2226 2282 2342 2406 2474 2546 2622 2702 2786 2874 2966 3062 3162 3266 3374 3486 3602
3691 3572 3457 3346 3239 3136 3037 2942 2851 2764 2681 2602 2527 2456 2389 2326 2267 2212 2161 2114 2071 2032 1997 1966 1939 1916 1897 1882 1872 1864 1857 1862 1850 1840 1825 1806 1783 1756 1725 1690 1651 1608 1561 1510 1455 1396 1333 1266 1195 1120 1041 958 871 780 685 586 483 376 265 150 31
3690 3571 3456 3345 3238 3135 3036 2941 2850 2763 2680 2601 2526 2455 2388 2325 2266 2211 2160 2113 2070 2031 1996 1965 1938 1915 1896 1881 1870 1867 1849 1851 1868 1841 1826 1807 1784 1757 1726 1691 1652 1609 1562 1511 1456 1397 1334 1267 1196 1121 1042 959 872 781 686 587 484 377 266 151 32
3689 3570 3455 3344 3237 3134 3035 2940 2849 2762 2679 2600 2525 2454 2387 2324 2265 2210 2159 2112 2069 2030 1995 1964 1937 1914 1895 1880 1879 1876 1837 1838 1839 1878 1827 1808 1785 1758 1727 1692 1653 1610 1563 1512 1457 1398 1335 1268 1197 1122 1043 960 873 782 687 588 485 378 267 152 33
3688 3569 3454 3343 3236 3133 3034 2939 2848 2761 2678 2599 2524 2453 2386 2323 2264 2209 2158 2111 2068 2029 1994 1963 1936 1913 1894 1893 1891 1889 1821 1822 1823 1824 1892 1809 1786 1759 1728 1693 1654 1611 1564 1513 1458 1399 1336 1269 1198 1123 1044 961 874 783 688 589 486 379 268 153 34
3687 3568 3453 3342 3235 3132 3033 2938 2847 2760 2677 2598 2523 2452 2385 2322 2263 2208 2157 2110 2067 2028 1993 1962 1935 1912 1911 1909 1908 1906 1801 1802 1803 1804 1805 1910 1787 1760 1729 1694 1655 1612 1565 1514 1459 1400 1337 1270 1199 1124 1045 962 875 784 689 590 487 380 269 154 35
3686 3567 3452 3341 3234 3131 3032 2937 2846 2759 2676 2597 2522 2451 2384 2321 2262 2207 2156 2109 2066 2027 1992 1961 1934 1933 1931 1930 1929 1927 1777 1778 1779 1780 1781 1782 1932 1761 1730 1695 1656 1613 1566 1515 1460 1401 1338 1271 1200 1125 1046 963 876 785 690 591 488 381 270 155 36
3685 3566 3451 3340 3233 3130 3031 2936 2845 2758 2675 2596 2521 2450 2383 2320 2261 2206 2155 2108 2065 2026 1991 1960 1959 1957 1956 1955 1954 1952 1749 1750 1751 1752 1753 1754 1755 1958 1731 1696 1657 1614 1567 1516 1461 1402 1339 1272 1201 1126 1047 964 877 786 691 592 489 382 271 156 37
3684 3565 3450 3339 3232 3129 3030 2935 2844 2757 2674 2595 2520 2449 2382 2319 2260 2205 2154 2107 2064 2025 1990 1989 1987 1986 1985 1984 1983 1981 1717 1718 1719 1720 1721 1722 1723 1724 1988 1697 1658 1615 1568 1517 1462 1403 1340 1273 1202 1127 1048 965 878 787 692 593 490 383 272 157 38
3683 3564 3449 3338 3231 3128 3029 2934 2843 2756 2673 2594 2519 2448 2381 2318 2259 2204 2153 2106 2063 2024 2023 2021 2020 2019 2018 2017 2016 2014 1681 1682 1683 1684 1685 1686 1687 1688 1689 2022 1659 1616 1569 1518 1463 1404 1341 1274 1203 1128 1049 966 879 788 693 594 491 384 273 158 39
3682 3563 3448 3337 3230 3127 3028 2933 2842 2755 2672 2593 2518 2447 2380 2317 2258 2203 2152 2105 2062 2061 2059 2058 2057 2056 2055 2054 2053 2051 1641 1642 1643 1644 1645 1646 1647 1648 1649 1650 2060 1617 1570 1519 1464 1405 1342 1275 1204 1129 1050 967 880 789 694 595 492 385 274 159 40
3681 3562 3447 3336 3229 3126 3027 2932 2841 2754 2671 2592 2517 2446 2379 2316 2257 2202 2151 2104 2103 2101 2100 2099 2098 2097 2096 2095 2094 2092 1597 1598 1599 1600 1601 1602 1603 1604 1605 1606 1607 2102 1571 1520 1465 1406 1343 1276 1205 1130 1051 968 881 790 695 596 493 386 275 160 41
3680 3561 3446 3335 3228 3125 3026 2931 2840 2753 2670 2591 2516 2445 2378 2315 2256 2201 2150 2149 2147 2146 2145 2144 2143 2142 2141 2140 2139 2137 1549 1550 1551 1552 1553 1554 1555 1556 1557 1558 1559 1560 2148 1521 1466 1407 1344 1277 1206 1131 1052 969 882 791 696 597 494 387 276 161 42
3679 3560 3445 3334 3227 3124 3025 2930 2839 2752 2669 2590 2515 2444 2377 2314 2255 2200 2199 2197 2196 2195 2194 2193 2192 2191 2190 2189 2188 2186 1497 1498 1499 1500 1501 1502 1503 1504 1505 1506 1507 1508 1509 2198 1467 1408 1345 1278 1207 1132 1053 970 883 792 697 598 495 388 277 162 43
3678 3559 3444 3333 3226 3123 3024 2929 2838 2751 2668 2589 2514 2443 2376 2313 2254 2253 2251 2250 2249 2248 2247 2246 2245 2244 2243 2242 2241 2239 1441 1442 1443 1444 1445 1446 1447 1448 1449 1450 1451 1452 1453 1454 2252 1409 1346 1279 1208 1133 1054 971 884 793 698 599 496 389 278 163 44
3677 3558 3443 3332 3225 3122 3023 2928 2837 2750 2667 2588 2513 2442 2375 2312 2311 2309 2308 2307 2306 2305 2304 2303 2302 2301 2300 2299 2298 2296 1381 1382 1383 1384 1385 1386 1387 1388 1389 1390 1391 1392 1393 1394 1395 2310 1347 1280 1209 1134 1055 972 885 794 699 600 497 390 279 164 45
3676 3557 3442 3331 3224 3121 3022 2927 2836 2749 2666 2587 2512 2441 2374 2373 2371 2370 2369 2368 2367 2366 2365 2364 2363 2362 2361 2360 2359 2357 1317 1318 1319 1320 1321 1322 1323 1324 1325 1326 1327 1328 1329 1330 1331 1332 2372 1281 1210 1135 1056 973 886 795 700 601 498 391 280 165 46
3675 3556 3441 3330 3223 3120 3021 2926 2835 2748 2665 2586 2511 2440 2439 2437 2436 2435 2434 2433 2432 2431 2430 2429 2428 2427 2426 2425 2424 2422 1249 1250 1251 1252 1253 1254 1255 1256 1257 1258 1259 1260 1261 1262 1263 1264 1265 2438 1211 1136 1057 974 887 796 701 602 499 392 281 166 47
3674 3555 3440 3329 3222 3119 3020 2925 2834 2747 2664 2585 2510 2509 2507 2506 2505 2504 2503 2502 2501 2500 2499 2498 2497 2496 2495 2494 2493 2491 1177 1178 1179 1180 1181 1182 1183 1184 1185 1186 1187 1188 1189 1190 1191 1192 1193 1194 2508 1137 1058 975 888 797 702 603 500 393 282 167 48
3673 3554 3439 3328 3221 3118 3019 2924 2833 2746 2663 2584 2583 2581 2580 2579 2578 2577 2576 2575 2574 2573 2572 2571 2570 2569 2568 2567 2566 2564 1101 1102 1103 1104 1105 1106 1107 1108 1109 1110 1111 1112 1113 1114 1115 1116 1117 1118 1119 2582 1059 976 889 798 703 604 501 394 283 168 49
3672 3553 3438 3327 3220 3117 3018 2923 2832 2745 2662 2661 2659 2658 2657 2656 2655 2654 2653 2652 2651 2650 2649 2648 2647 2646 2645 2644 2643 2641 1021 1022 1023 1024 1025 1026 1027 1028 1029 1030 1031 1032 1033 1034 1035 1036 1037 1038 1039 1040 2660 977 890 799 704 605 502 395 284 169 50
3671 3552 3437 3326 3219 3116 3017 2922 2831 2744 2743 2741 2740 2739 2738 2737 2736 2735 2734 2733 2732 2731 2730 2729 2728 2727 2726 2725 2724 2722 937 938 939 940 941 942 943 944 945 946 947 948 949 950 951 952 953 954 955 956 957 2742 891 800 705 606 503 396 285 170 51
3670 3551 3436 3325 3218 3115 3016 2921 2830 2829 2827 2826 2825 2824 2823 2822 2821 2820 2819 2818 2817 2816 2815 2814 2813 2812 2811 2810 2809 2807 849 850 851 852 853 854 855 856 857 858 859 860 861 862 863 864 865 866 867 868 869 870 2828 801 706 607 504 397 286 171 52
3669 3550 3435 3324 3217 3114 3015 2920 2919 2917 2916 2915 2914 2913 2912 2911 2910 2909 2908 2907 2906 2905 2904 2903 2902 2901 2900 2899 2898 2896 757 758 759 760 761 762 763 764 765 766 767 768 769 770 771 772 773 774 775 776 777 778 779 2918 707 608 505 398 287 172 53
3668 3549 3434 3323 3216 3113 3014 3013 3011 3010 3009 3008 3007 3006 3005 3004 3003 3002 3001 3000 2999 2998 2997 2996 2995 2994 2993 2992 2991 2989 661 662 663 664 665 666 667 668 669 670 671 672 673 674 675 676 677 678 679 680 681 682 683 684 3012 609 506 399 288 173 54
3667 3548 3433 3322 3215 3112 3111 3109 3108 3107 3106 3105 3104 3103 3102 3101 3100 3099 3098 3097 3096 3095 3094 3093 3092 3091 3090 3089 3088 3086 561 562 563 564 565 566 567 568 569 570 571 572 573 574 575 576 577 578 579 580 581 582 583 584 585 3110 507 400 289 174 55
3666 3547 3432 3321 3214 3213 3211 3210 3209 3208 3207 3206 3205 3204 3203 3202 3201 3200 3199 3198 3197 3196 3195 3194 3193 3192 3191 3190 3189 3187 457 458 459 460 461 462 463 464 465 466 467 468 469 470 471 472 473 474 475 476 477 478 479 480 481 482 3212 401 290 175 56
3665 3546 3431 3320 3319 3317 3316 3315 3314 3313 3312 3311 3310 3309 3308 3307 3306 3305 3304 3303 3302 3301 3300 3299 3298 3297 3296 3295 3294 3292 349 350 351 352 353 354 355 356 357 358 359 360 361 362 363 364 365 366 367 368 369 370 371 372 373 374 375 3318 291 176 57
3664 3545 3430 3429 3427 3426 3425 3424 3423 3422 3421 3420 3419 3418 3417 3416 3415 3414 3413 3412 3411 3410 3409 3408 3407 3406 3405 3404 3403 3401 237 238 239 240 241 242 243 244 245 246 247 248 249 250 251 252 253 254 255 256 257 258 259 260 261 262 263 264 3428 177 58
3663 3544 3543 3541 3540 3539 3538 3537 3536 3535 3534 3533 3532 3531 3530 3529 3528 3527 3526 3525 3524 3523 3522 3521 3520 3519 3518 3517 3516 3514 121 122 123 124 125 126 127 128 129 130 131 132 133 134 135 136 137 138 139 140 141 142 143 144 145 146 147 148 149 3542 59
3662 3661 3659 3658 3657 3656 3655 3654 3653 3652 3651 3650 3649 3648 3647 3646 3645 3644 3643 3642 3641 3640 3639 3638 3637 3636 3635 3634 3633 3631 1 2 3 4 5 6 7 8 9 10 11 12 13 14 15 16 17 18 19 20 21 22 23 24 25 26 27 28 29 30 3660
